<?xml version="1.0" encoding="UTF-8"?>
<testng-results skipped="0" failed="0" ignored="0" total="1" passed="1">
  <reporter-output>
  </reporter-output>
  <suite name="Default suite" duration-ms="5838" started-at="2018-10-26T02:35:31Z" finished-at="2018-10-26T02:35:37Z">
    <groups>
    </groups>
    <test name="Default test" duration-ms="5838" started-at="2018-10-26T02:35:31Z" finished-at="2018-10-26T02:35:37Z">
      <class name="test_fblogin.TC1_LoginWithInvalidCredential">
        <test-method status="PASS" signature="atthebegining()[pri:0, instance:test_fblogin.TC1_LoginWithInvalidCredential@18be83e4]" name="atthebegining" is-config="true" duration-ms="3119" started-at="2018-10-26T02:35:31Z" finished-at="2018-10-26T02:35:34Z">
          <reporter-output>
          </reporter-output>
        </test-method> <!-- atthebegining -->
        <test-method status="PASS" signature="test_facebookIbvalidPassword()[pri:0, instance:test_fblogin.TC1_LoginWithInvalidCredential@18be83e4]" name="test_facebookIbvalidPassword" duration-ms="2701" started-at="2018-10-26T02:35:34Z" finished-at="2018-10-26T02:35:37Z">
          <reporter-output>
          </reporter-output>
        </test-method> <!-- test_facebookIbvalidPassword -->
      </class> <!-- test_fblogin.TC1_LoginWithInvalidCredential -->
    </test> <!-- Default test -->
  </suite> <!-- Default suite -->
</testng-results>
